2022-09-30 12:51:41 - Closing JPA EntityManagerFactory for persistence unit 'default'
2022-09-30 12:51:41 - HHH000477: Starting delayed evictData of schema as part of SessionFactory shut-down'
2022-09-30 12:51:41 - HikariPool-1 - Shutdown initiated...
2022-09-30 12:51:41 - HikariPool-1 - Shutdown completed.
2022-09-30 12:51:46 - Starting BmwTestTaskApplication using Java 11.0.16 on bohdan-hp with PID 18457 (/home/bohdan/IdeaProjects/bohdan/BMW/BMW-Test-Task/target/classes started by bohdan in /home/bohdan/IdeaProjects/bohdan/BMW/BMW-Test-Task)
2022-09-30 12:51:46 - Running with Spring Boot v2.7.4, Spring v5.3.23
2022-09-30 12:51:46 - No active profile set, falling back to 1 default profile: "default"
2022-09-30 12:51:46 - Devtools property defaults active! Set 'spring.devtools.add-properties' to 'false' to disable
2022-09-30 12:51:46 - For additional web related logging consider setting the 'logging.level.web' property to 'DEBUG'
2022-09-30 12:51:46 - Bootstrapping Spring Data JPA repositories in DEFAULT mode.
2022-09-30 12:51:46 - Finished Spring Data repository scanning in 25 ms. Found 4 JPA repository interfaces.
2022-09-30 12:51:47 - Tomcat initialized with port(s): 8080 (http)
2022-09-30 12:51:47 - Starting service [Tomcat]
2022-09-30 12:51:47 - Starting Servlet engine: [Apache Tomcat/9.0.65]
2022-09-30 12:51:47 - Initializing Spring embedded WebApplicationContext
2022-09-30 12:51:47 - Root WebApplicationContext: initialization completed in 779 ms
2022-09-30 12:51:47 - HHH000204: Processing PersistenceUnitInfo [name: default]
2022-09-30 12:51:47 - HHH000412: Hibernate ORM core version 5.6.11.Final
2022-09-30 12:51:47 - HCANN000001: Hibernate Commons Annotations {5.1.2.Final}
2022-09-30 12:51:47 - HikariPool-1 - Starting...
2022-09-30 12:51:47 - HikariPool-1 - Start completed.
2022-09-30 12:51:47 - HHH000400: Using dialect: org.hibernate.dialect.PostgreSQL10Dialect
2022-09-30 12:51:47 - SQL Warning Code: 0, SQLState: 00000
2022-09-30 12:51:47 - relation "address" does not exist, skipping
2022-09-30 12:51:47 - SQL Warning Code: 0, SQLState: 00000
2022-09-30 12:51:47 - relation "users" does not exist, skipping
2022-09-30 12:51:47 - SQL Warning Code: 0, SQLState: 00000
2022-09-30 12:51:47 - relation "users" does not exist, skipping
2022-09-30 12:51:47 - SQL Warning Code: 0, SQLState: 00000
2022-09-30 12:51:47 - table "address" does not exist, skipping
2022-09-30 12:51:47 - SQL Warning Code: 0, SQLState: 00000
2022-09-30 12:51:47 - table "company" does not exist, skipping
2022-09-30 12:51:47 - SQL Warning Code: 0, SQLState: 00000
2022-09-30 12:51:47 - table "geo" does not exist, skipping
2022-09-30 12:51:47 - SQL Warning Code: 0, SQLState: 00000
2022-09-30 12:51:47 - table "users" does not exist, skipping
2022-09-30 12:51:47 - HHH000490: Using JtaPlatform implementation: [org.hibernate.engine.transaction.jta.platform.internal.NoJtaPlatform]
2022-09-30 12:51:47 - Initialized JPA EntityManagerFactory for persistence unit 'default'
2022-09-30 12:51:48 - spring.jpa.open-in-view is enabled by default. Therefore, database queries may be performed during view rendering. Explicitly configure spring.jpa.open-in-view to disable this warning
2022-09-30 12:51:48 - LiveReload server is running on port 35729
2022-09-30 12:51:48 - Tomcat started on port(s): 8080 (http) with context path ''
2022-09-30 12:51:48 - Started BmwTestTaskApplication in 2.342 seconds (JVM running for 2.674)
2022-09-30 12:51:48 - --- Starting insert user from external endpoint to database...
2022-09-30 12:51:48 - Call to external endpoint with URI - https://jsonplaceholder.typicode.com/users
2022-09-30 12:51:48 - Status code of external api response - 200 OK
2022-09-30 12:51:48 - Headers of external api response - [Date:"Fri, 30 Sep 2022 09:51:48 GMT", Content-Type:"application/json; charset=utf-8", Transfer-Encoding:"chunked", Connection:"keep-alive", X-Powered-By:"Express", X-Ratelimit-Limit:"1000", X-Ratelimit-Remaining:"998", X-Ratelimit-Reset:"1655976270", Vary:"Origin, Accept-Encoding", Access-Control-Allow-Credentials:"true", Cache-Control:"max-age=43200", Pragma:"no-cache", Expires:"-1", X-Content-Type-Options:"nosniff", Etag:"W/"160d-1eMSsxeJRfnVLRBmYJSbCiJZ1qQ"", Via:"1.1 vegur", CF-Cache-Status:"HIT", Age:"28717", Report-To:"{"endpoints":[{"url":"https:\/\/a.nel.cloudflare.com\/report\/v3?s=0Vysk83GKbaW2f3XM5zWGB8QjMtSVBqOfUP15VOFL6Z5SiGIdDvY9a6v4aHNLSYihQVRMZ8D3p6ot0zAIux2i0K2GZlAB%2B%2F9cFEh7Fd1nU8yYdcUNOVlfeP0tz7kvjafIyaqgGBJQMBytlwp%2F9lI"}],"group":"cf-nel","max_age":604800}", NEL:"{"success_fraction":0,"report_to":"cf-nel","max_age":604800}", Server:"cloudflare", CF-RAY:"752c0feacd66bb74-FRA", alt-svc:"h3=":443"; ma=86400, h3-29=":443"; ma=86400"]
2022-09-30 12:51:48 - Body of external api response - [UserDTO(id=1, name=Leanne Graham, userName=Bret, email=Sincere@april.biz, address=AddressDTO(street=Kulas Light, suite=Apt. 556, city=Gwenborough, zipCode=92998-3874, geo=GeoDTO(lat=-37.3159, lng=81.1496)), phone=1-770-736-8031 x56442, website=hildegard.org, company=CompanyDTO(name=Romaguera-Crona, catchPhrase=Multi-layered client-server neural-net, bs=harness real-time e-markets)), UserDTO(id=2, name=Ervin Howell, userName=Antonette, email=Shanna@melissa.tv, address=AddressDTO(street=Victor Plains, suite=Suite 879, city=Wisokyburgh, zipCode=90566-7771, geo=GeoDTO(lat=-43.9509, lng=-34.4618)), phone=010-692-6593 x09125, website=anastasia.net, company=CompanyDTO(name=Deckow-Crist, catchPhrase=Proactive didactic contingency, bs=synergize scalable supply-chains)), UserDTO(id=3, name=Clementine Bauch, userName=Samantha, email=Nathan@yesenia.net, address=AddressDTO(street=Douglas Extension, suite=Suite 847, city=McKenziehaven, zipCode=59590-4157, geo=GeoDTO(lat=-68.6102, lng=-47.0653)), phone=1-463-123-4447, website=ramiro.info, company=CompanyDTO(name=Romaguera-Jacobson, catchPhrase=Face to face bifurcated interface, bs=e-enable strategic applications)), UserDTO(id=4, name=Patricia Lebsack, userName=Karianne, email=Julianne.OConner@kory.org, address=AddressDTO(street=Hoeger Mall, suite=Apt. 692, city=South Elvis, zipCode=53919-4257, geo=GeoDTO(lat=29.4572, lng=-164.299)), phone=493-170-9623 x156, website=kale.biz, company=CompanyDTO(name=Robel-Corkery, catchPhrase=Multi-tiered zero tolerance productivity, bs=transition cutting-edge web services)), UserDTO(id=5, name=Chelsey Dietrich, userName=Kamren, email=Lucio_Hettinger@annie.ca, address=AddressDTO(street=Skiles Walks, suite=Suite 351, city=Roscoeview, zipCode=33263, geo=GeoDTO(lat=-31.8129, lng=62.5342)), phone=(254)954-1289, website=demarco.info, company=CompanyDTO(name=Keebler LLC, catchPhrase=User-centric fault-tolerant solution, bs=revolutionize end-to-end systems)), UserDTO(id=6, name=Mrs. Dennis Schulist, userName=Leopoldo_Corkery, email=Karley_Dach@jasper.info, address=AddressDTO(street=Norberto Crossing, suite=Apt. 950, city=South Christy, zipCode=23505-1337, geo=GeoDTO(lat=-71.4197, lng=71.7478)), phone=1-477-935-8478 x6430, website=ola.org, company=CompanyDTO(name=Considine-Lockman, catchPhrase=Synchronised bottom-line interface, bs=e-enable innovative applications)), UserDTO(id=7, name=Kurtis Weissnat, userName=Elwyn.Skiles, email=Telly.Hoeger@billy.biz, address=AddressDTO(street=Rex Trail, suite=Suite 280, city=Howemouth, zipCode=58804-1099, geo=GeoDTO(lat=24.8918, lng=21.8984)), phone=210.067.6132, website=elvis.io, company=CompanyDTO(name=Johns Group, catchPhrase=Configurable multimedia task-force, bs=generate enterprise e-tailers)), UserDTO(id=8, name=Nicholas Runolfsdottir V, userName=Maxime_Nienow, email=Sherwood@rosamond.me, address=AddressDTO(street=Ellsworth Summit, suite=Suite 729, city=Aliyaview, zipCode=45169, geo=GeoDTO(lat=-14.399, lng=-120.7677)), phone=586.493.6943 x140, website=jacynthe.com, company=CompanyDTO(name=Abernathy Group, catchPhrase=Implemented secondary concept, bs=e-enable extensible e-tailers)), UserDTO(id=9, name=Glenna Reichert, userName=Delphine, email=Chaim_McDermott@dana.io, address=AddressDTO(street=Dayna Park, suite=Suite 449, city=Bartholomebury, zipCode=76495-3109, geo=GeoDTO(lat=24.6463, lng=-168.8889)), phone=(775)976-6794 x41206, website=conrad.com, company=CompanyDTO(name=Yost and Sons, catchPhrase=Switchable contextually-based project, bs=aggregate real-time technologies)), UserDTO(id=10, name=Clementina DuBuque, userName=Moriah.Stanton, email=Rey.Padberg@karina.biz, address=AddressDTO(street=Kattie Turnpike, suite=Suite 198, city=Lebsackbury, zipCode=31428-2261, geo=GeoDTO(lat=-38.2386, lng=57.2232)), phone=024-648-3804, website=ambrose.net, company=CompanyDTO(name=Hoeger LLC, catchPhrase=Centralized empowering task-force, bs=target end-to-end models))]
2022-09-30 12:51:58 - Initializing Spring DispatcherServlet 'dispatcherServlet'
2022-09-30 12:51:58 - Initializing Servlet 'dispatcherServlet'
2022-09-30 12:51:58 - Completed initialization in 1 ms
2022-09-30 12:51:58 - Call to internal endpoint
2022-09-30 12:51:58 - Status code of external api response - 200 OK
2022-09-30 12:51:58 - Headers of external api response - []
2022-09-30 12:51:58 - Body of external api response - [UserModel{id=1, website='hildegard.org', address=Address{id=1, zipcode='92998-3874', geo=Geo{id=1, lng='81.1496', lat='-37.3159'}, suite='Apt. 556', city='Gwenborough', street='Kulas Light'}, phone='1-770-736-8031 x56442', name='Leanne Graham', company=Company{id=1, bs='harness real-time e-markets', catchPhrase='Multi-layered client-server neural-net', name='Romaguera-Crona}, email='Sincere@april.biz', username='Bret'}, UserModel{id=2, website='anastasia.net', address=Address{id=2, zipcode='90566-7771', geo=Geo{id=2, lng='-34.4618', lat='-43.9509'}, suite='Suite 879', city='Wisokyburgh', street='Victor Plains'}, phone='010-692-6593 x09125', name='Ervin Howell', company=Company{id=2, bs='synergize scalable supply-chains', catchPhrase='Proactive didactic contingency', name='Deckow-Crist}, email='Shanna@melissa.tv', username='Antonette'}, UserModel{id=3, website='ramiro.info', address=Address{id=3, zipcode='59590-4157', geo=Geo{id=3, lng='-47.0653', lat='-68.6102'}, suite='Suite 847', city='McKenziehaven', street='Douglas Extension'}, phone='1-463-123-4447', name='Clementine Bauch', company=Company{id=3, bs='e-enable strategic applications', catchPhrase='Face to face bifurcated interface', name='Romaguera-Jacobson}, email='Nathan@yesenia.net', username='Samantha'}, UserModel{id=4, website='kale.biz', address=Address{id=4, zipcode='53919-4257', geo=Geo{id=4, lng='-164.299', lat='29.4572'}, suite='Apt. 692', city='South Elvis', street='Hoeger Mall'}, phone='493-170-9623 x156', name='Patricia Lebsack', company=Company{id=4, bs='transition cutting-edge web services', catchPhrase='Multi-tiered zero tolerance productivity', name='Robel-Corkery}, email='Julianne.OConner@kory.org', username='Karianne'}, UserModel{id=5, website='demarco.info', address=Address{id=5, zipcode='33263', geo=Geo{id=5, lng='62.5342', lat='-31.8129'}, suite='Suite 351', city='Roscoeview', street='Skiles Walks'}, phone='(254)954-1289', name='Chelsey Dietrich', company=Company{id=5, bs='revolutionize end-to-end systems', catchPhrase='User-centric fault-tolerant solution', name='Keebler LLC}, email='Lucio_Hettinger@annie.ca', username='Kamren'}, UserModel{id=6, website='ola.org', address=Address{id=6, zipcode='23505-1337', geo=Geo{id=6, lng='71.7478', lat='-71.4197'}, suite='Apt. 950', city='South Christy', street='Norberto Crossing'}, phone='1-477-935-8478 x6430', name='Mrs. Dennis Schulist', company=Company{id=6, bs='e-enable innovative applications', catchPhrase='Synchronised bottom-line interface', name='Considine-Lockman}, email='Karley_Dach@jasper.info', username='Leopoldo_Corkery'}, UserModel{id=7, website='elvis.io', address=Address{id=7, zipcode='58804-1099', geo=Geo{id=7, lng='21.8984', lat='24.8918'}, suite='Suite 280', city='Howemouth', street='Rex Trail'}, phone='210.067.6132', name='Kurtis Weissnat', company=Company{id=7, bs='generate enterprise e-tailers', catchPhrase='Configurable multimedia task-force', name='Johns Group}, email='Telly.Hoeger@billy.biz', username='Elwyn.Skiles'}, UserModel{id=8, website='jacynthe.com', address=Address{id=8, zipcode='45169', geo=Geo{id=8, lng='-120.7677', lat='-14.399'}, suite='Suite 729', city='Aliyaview', street='Ellsworth Summit'}, phone='586.493.6943 x140', name='Nicholas Runolfsdottir V', company=Company{id=8, bs='e-enable extensible e-tailers', catchPhrase='Implemented secondary concept', name='Abernathy Group}, email='Sherwood@rosamond.me', username='Maxime_Nienow'}, UserModel{id=9, website='conrad.com', address=Address{id=9, zipcode='76495-3109', geo=Geo{id=9, lng='-168.8889', lat='24.6463'}, suite='Suite 449', city='Bartholomebury', street='Dayna Park'}, phone='(775)976-6794 x41206', name='Glenna Reichert', company=Company{id=9, bs='aggregate real-time technologies', catchPhrase='Switchable contextually-based project', name='Yost and Sons}, email='Chaim_McDermott@dana.io', username='Delphine'}, UserModel{id=10, website='ambrose.net', address=Address{id=10, zipcode='31428-2261', geo=Geo{id=10, lng='57.2232', lat='-38.2386'}, suite='Suite 198', city='Lebsackbury', street='Kattie Turnpike'}, phone='024-648-3804', name='Clementina DuBuque', company=Company{id=10, bs='target end-to-end models', catchPhrase='Centralized empowering task-force', name='Hoeger LLC}, email='Rey.Padberg@karina.biz', username='Moriah.Stanton'}]
